<?xml version="1.0" encoding="UTF-8"?>
<coverage generated="1774804776997" clover="3.2.0">
  <project timestamp="1774804776997" name="All files">
    <metrics statements="32" coveredstatements="32" conditionals="14" coveredconditionals="12" methods="9" coveredmethods="9" elements="55" coveredelements="53" complexity="0" loc="32" ncloc="32" packages="1" files="3" classes="3"/>
    <file name="api.ts" path="/Users/Niels/meteocontrol-mcp/src/api.ts">
      <metrics statements="5" coveredstatements="5" conditionals="6" coveredconditionals="5" methods="2" coveredmethods="2"/>
      <line num="13" count="4" type="cond" truecount="4" falsecount="0"/>
      <line num="14" count="1" type="stmt"/>
      <line num="17" count="3" type="stmt"/>
      <line num="27" count="1" type="stmt"/>
      <line num="28" count="1" type="stmt"/>
    </file>
    <file name="index.ts" path="/Users/Niels/meteocontrol-mcp/src/index.ts">
      <metrics statements="4" coveredstatements="4" conditionals="0" coveredconditionals="0" methods="1" coveredmethods="1"/>
      <line num="4" count="2" type="stmt"/>
      <line num="5" count="2" type="stmt"/>
      <line num="6" count="1" type="stmt"/>
      <line num="7" count="1" type="stmt"/>
    </file>
    <file name="server.ts" path="/Users/Niels/meteocontrol-mcp/src/server.ts">
      <metrics statements="23" coveredstatements="23" conditionals="8" coveredconditionals="7" methods="6" coveredmethods="6"/>
      <line num="7" count="2" type="stmt"/>
      <line num="12" count="8" type="stmt"/>
      <line num="13" count="8" type="stmt"/>
      <line num="16" count="8" type="stmt"/>
      <line num="28" count="8" type="cond" truecount="2" falsecount="0"/>
      <line num="29" count="8" type="cond" truecount="2" falsecount="0"/>
      <line num="30" count="8" type="stmt"/>
      <line num="36" count="8" type="stmt"/>
      <line num="40" count="8" type="stmt"/>
      <line num="67" count="8" type="stmt"/>
      <line num="68" count="3" type="stmt"/>
      <line num="70" count="3" type="cond" truecount="2" falsecount="0"/>
      <line num="71" count="2" type="stmt"/>
      <line num="74" count="1" type="stmt"/>
      <line num="79" count="2" type="stmt"/>
      <line num="80" count="2" type="stmt"/>
      <line num="81" count="2" type="stmt"/>
      <line num="86" count="1" type="stmt"/>
      <line num="95" count="1" type="cond" truecount="1" falsecount="1"/>
      <line num="96" count="1" type="stmt"/>
      <line num="109" count="1" type="stmt"/>
      <line num="110" count="1" type="stmt"/>
      <line num="111" count="1" type="stmt"/>
    </file>
  </project>
</coverage>
