{"/Users/Niels/meteocontrol-mcp/src/api.ts": {"path":"/Users/Niels/meteocontrol-mcp/src/api.ts","statementMap":{"0":{"start":{"line":13,"column":4},"end":{"line":15,"column":5}},"1":{"start":{"line":14,"column":6},"end":{"line":14,"column":70}},"2":{"start":{"line":17,"column":4},"end":{"line":23,"column":7}},"3":{"start":{"line":27,"column":21},"end":{"line":27,"column":62}},"4":{"start":{"line":28,"column":4},"end":{"line":28,"column":25}}},"fnMap":{"0":{"name":"(anonymous_0)","decl":{"start":{"line":12,"column":2},"end":{"line":12,"column":14}},"loc":{"start":{"line":12,"column":31},"end":{"line":24,"column":3}}},"1":{"name":"(anonymous_1)","decl":{"start":{"line":26,"column":2},"end":{"line":26,"column":7}},"loc":{"start":{"line":26,"column":60},"end":{"line":29,"column":3}}}},"branchMap":{"0":{"loc":{"start":{"line":13,"column":4},"end":{"line":15,"column":5}},"type":"if","locations":[{"start":{"line":13,"column":4},"end":{"line":15,"column":5}},{"start":{},"end":{}}]},"1":{"loc":{"start":{"line":13,"column":8},"end":{"line":13,"column":43}},"type":"binary-expr","locations":[{"start":{"line":13,"column":8},"end":{"line":13,"column":22}},{"start":{"line":13,"column":26},"end":{"line":13,"column":43}}]},"2":{"loc":{"start":{"line":18,"column":15},"end":{"line":18,"column":65}},"type":"binary-expr","locations":[{"start":{"line":18,"column":15},"end":{"line":18,"column":29}},{"start":{"line":18,"column":33},"end":{"line":18,"column":65}}]}},"s":{"0":4,"1":1,"2":3,"3":1,"4":1},"f":{"0":4,"1":1},"b":{"0":[1,3],"1":[4,3],"2":[3,0]}}
,"/Users/Niels/meteocontrol-mcp/src/index.ts": {"path":"/Users/Niels/meteocontrol-mcp/src/index.ts","statementMap":{"0":{"start":{"line":4,"column":15},"end":{"line":4,"column":39}},"1":{"start":{"line":5,"column":0},"end":{"line":8,"column":3}},"2":{"start":{"line":6,"column":2},"end":{"line":6,"column":54}},"3":{"start":{"line":7,"column":2},"end":{"line":7,"column":18}}},"fnMap":{"0":{"name":"(anonymous_0)","decl":{"start":{"line":5,"column":19},"end":{"line":5,"column":20}},"loc":{"start":{"line":5,"column":29},"end":{"line":8,"column":1}}}},"branchMap":{},"s":{"0":2,"1":2,"2":1,"3":1},"f":{"0":1},"b":{}}
,"/Users/Niels/meteocontrol-mcp/src/server.ts": {"path":"/Users/Niels/meteocontrol-mcp/src/server.ts","statementMap":{"0":{"start":{"line":7,"column":0},"end":{"line":7,"column":16}},"1":{"start":{"line":16,"column":25},"end":{"line":16,"column":43}},"2":{"start":{"line":17,"column":28},"end":{"line":17,"column":35}},"3":{"start":{"line":20,"column":4},"end":{"line":30,"column":6}},"4":{"start":{"line":32,"column":19},"end":{"line":32,"column":60}},"5":{"start":{"line":33,"column":22},"end":{"line":33,"column":66}},"6":{"start":{"line":35,"column":4},"end":{"line":37,"column":5}},"7":{"start":{"line":36,"column":6},"end":{"line":36,"column":103}},"8":{"start":{"line":39,"column":4},"end":{"line":43,"column":7}},"9":{"start":{"line":45,"column":4},"end":{"line":45,"column":25}},"10":{"start":{"line":49,"column":4},"end":{"line":105,"column":8}},"11":{"start":{"line":49,"column":71},"end":{"line":105,"column":6}},"12":{"start":{"line":107,"column":4},"end":{"line":125,"column":7}},"13":{"start":{"line":108,"column":40},"end":{"line":108,"column":54}},"14":{"start":{"line":110,"column":6},"end":{"line":124,"column":7}},"15":{"start":{"line":111,"column":8},"end":{"line":120,"column":9}},"16":{"start":{"line":113,"column":12},"end":{"line":113,"column":83}},"17":{"start":{"line":115,"column":12},"end":{"line":115,"column":79}},"18":{"start":{"line":117,"column":12},"end":{"line":117,"column":82}},"19":{"start":{"line":119,"column":12},"end":{"line":119,"column":84}},"20":{"start":{"line":122,"column":8},"end":{"line":122,"column":62}},"21":{"start":{"line":123,"column":8},"end":{"line":123,"column":20}},"22":{"start":{"line":129,"column":4},"end":{"line":155,"column":5}},"23":{"start":{"line":130,"column":38},"end":{"line":130,"column":42}},"24":{"start":{"line":131,"column":19},"end":{"line":134,"column":35}},"25":{"start":{"line":136,"column":6},"end":{"line":143,"column":8}},"26":{"start":{"line":145,"column":27},"end":{"line":145,"column":81}},"27":{"start":{"line":146,"column":6},"end":{"line":154,"column":8}},"28":{"start":{"line":159,"column":4},"end":{"line":182,"column":5}},"29":{"start":{"line":160,"column":28},"end":{"line":160,"column":32}},"30":{"start":{"line":161,"column":19},"end":{"line":161,"column":73}},"31":{"start":{"line":163,"column":6},"end":{"line":170,"column":8}},"32":{"start":{"line":172,"column":27},"end":{"line":172,"column":81}},"33":{"start":{"line":173,"column":6},"end":{"line":181,"column":8}},"34":{"start":{"line":186,"column":4},"end":{"line":209,"column":5}},"35":{"start":{"line":187,"column":28},"end":{"line":187,"column":32}},"36":{"start":{"line":188,"column":19},"end":{"line":188,"column":66}},"37":{"start":{"line":190,"column":6},"end":{"line":197,"column":8}},"38":{"start":{"line":199,"column":27},"end":{"line":199,"column":81}},"39":{"start":{"line":200,"column":6},"end":{"line":208,"column":8}},"40":{"start":{"line":213,"column":22},"end":{"line":213,"column":48}},"41":{"start":{"line":214,"column":4},"end":{"line":214,"column":41}},"42":{"start":{"line":215,"column":4},"end":{"line":215,"column":79}}},"fnMap":{"0":{"name":"(anonymous_0)","decl":{"start":{"line":19,"column":2},"end":{"line":19,"column":null}},"loc":{"start":{"line":19,"column":2},"end":{"line":46,"column":3}}},"1":{"name":"(anonymous_1)","decl":{"start":{"line":48,"column":10},"end":{"line":48,"column":23}},"loc":{"start":{"line":48,"column":23},"end":{"line":126,"column":3}}},"2":{"name":"(anonymous_2)","decl":{"start":{"line":49,"column":58},"end":{"line":49,"column":63}},"loc":{"start":{"line":49,"column":71},"end":{"line":105,"column":6}}},"3":{"name":"(anonymous_3)","decl":{"start":{"line":107,"column":57},"end":{"line":107,"column":62}},"loc":{"start":{"line":107,"column":75},"end":{"line":125,"column":5}}},"4":{"name":"(anonymous_4)","decl":{"start":{"line":128,"column":10},"end":{"line":128,"column":15}},"loc":{"start":{"line":128,"column":65},"end":{"line":156,"column":3}}},"5":{"name":"(anonymous_5)","decl":{"start":{"line":158,"column":10},"end":{"line":158,"column":15}},"loc":{"start":{"line":158,"column":61},"end":{"line":183,"column":3}}},"6":{"name":"(anonymous_6)","decl":{"start":{"line":185,"column":10},"end":{"line":185,"column":15}},"loc":{"start":{"line":185,"column":64},"end":{"line":210,"column":3}}},"7":{"name":"(anonymous_7)","decl":{"start":{"line":212,"column":2},"end":{"line":212,"column":7}},"loc":{"start":{"line":212,"column":11},"end":{"line":216,"column":3}}}},"branchMap":{"0":{"loc":{"start":{"line":32,"column":19},"end":{"line":32,"column":60}},"type":"binary-expr","locations":[{"start":{"line":32,"column":19},"end":{"line":32,"column":54}},{"start":{"line":32,"column":58},"end":{"line":32,"column":60}}]},"1":{"loc":{"start":{"line":33,"column":22},"end":{"line":33,"column":66}},"type":"binary-expr","locations":[{"start":{"line":33,"column":22},"end":{"line":33,"column":60}},{"start":{"line":33,"column":64},"end":{"line":33,"column":66}}]},"2":{"loc":{"start":{"line":35,"column":4},"end":{"line":37,"column":5}},"type":"if","locations":[{"start":{"line":35,"column":4},"end":{"line":37,"column":5}},{"start":{},"end":{}}]},"3":{"loc":{"start":{"line":35,"column":8},"end":{"line":35,"column":29}},"type":"binary-expr","locations":[{"start":{"line":35,"column":8},"end":{"line":35,"column":15}},{"start":{"line":35,"column":19},"end":{"line":35,"column":29}}]},"4":{"loc":{"start":{"line":42,"column":15},"end":{"line":42,"column":91}},"type":"binary-expr","locations":[{"start":{"line":42,"column":15},"end":{"line":42,"column":55}},{"start":{"line":42,"column":59},"end":{"line":42,"column":91}}]},"5":{"loc":{"start":{"line":111,"column":8},"end":{"line":120,"column":9}},"type":"switch","locations":[{"start":{"line":112,"column":10},"end":{"line":113,"column":83}},{"start":{"line":114,"column":10},"end":{"line":115,"column":79}},{"start":{"line":116,"column":10},"end":{"line":117,"column":82}},{"start":{"line":118,"column":10},"end":{"line":119,"column":84}}]},"6":{"loc":{"start":{"line":145,"column":27},"end":{"line":145,"column":81}},"type":"cond-expr","locations":[{"start":{"line":145,"column":52},"end":{"line":145,"column":65}},{"start":{"line":145,"column":68},"end":{"line":145,"column":81}}]},"7":{"loc":{"start":{"line":172,"column":27},"end":{"line":172,"column":81}},"type":"cond-expr","locations":[{"start":{"line":172,"column":52},"end":{"line":172,"column":65}},{"start":{"line":172,"column":68},"end":{"line":172,"column":81}}]},"8":{"loc":{"start":{"line":199,"column":27},"end":{"line":199,"column":81}},"type":"cond-expr","locations":[{"start":{"line":199,"column":52},"end":{"line":199,"column":65}},{"start":{"line":199,"column":68},"end":{"line":199,"column":81}}]}},"s":{"0":5,"1":17,"2":17,"3":17,"4":17,"5":17,"6":17,"7":12,"8":17,"9":17,"10":17,"11":4,"12":17,"13":10,"14":10,"15":10,"16":3,"17":3,"18":3,"19":1,"20":1,"21":1,"22":3,"23":3,"24":3,"25":2,"26":1,"27":1,"28":3,"29":3,"30":3,"31":2,"32":1,"33":1,"34":3,"35":3,"36":3,"37":2,"38":1,"39":1,"40":1,"41":1,"42":1},"f":{"0":17,"1":17,"2":4,"3":10,"4":3,"5":3,"6":3,"7":1},"b":{"0":[17,12],"1":[17,12],"2":[12,5],"3":[17,5],"4":[17,17],"5":[3,3,3,1],"6":[1,0],"7":[1,0],"8":[1,0]}}
}
