{"/Users/Niels/meteocontrol-mcp/src/api.ts": {"path":"/Users/Niels/meteocontrol-mcp/src/api.ts","statementMap":{"0":{"start":{"line":13,"column":4},"end":{"line":15,"column":5}},"1":{"start":{"line":14,"column":6},"end":{"line":14,"column":70}},"2":{"start":{"line":17,"column":4},"end":{"line":23,"column":7}},"3":{"start":{"line":27,"column":21},"end":{"line":27,"column":62}},"4":{"start":{"line":28,"column":4},"end":{"line":28,"column":25}}},"fnMap":{"0":{"name":"(anonymous_0)","decl":{"start":{"line":12,"column":2},"end":{"line":12,"column":14}},"loc":{"start":{"line":12,"column":31},"end":{"line":24,"column":3}}},"1":{"name":"(anonymous_1)","decl":{"start":{"line":26,"column":2},"end":{"line":26,"column":7}},"loc":{"start":{"line":26,"column":60},"end":{"line":29,"column":3}}}},"branchMap":{"0":{"loc":{"start":{"line":13,"column":4},"end":{"line":15,"column":5}},"type":"if","locations":[{"start":{"line":13,"column":4},"end":{"line":15,"column":5}},{"start":{},"end":{}}]},"1":{"loc":{"start":{"line":13,"column":8},"end":{"line":13,"column":43}},"type":"binary-expr","locations":[{"start":{"line":13,"column":8},"end":{"line":13,"column":22}},{"start":{"line":13,"column":26},"end":{"line":13,"column":43}}]},"2":{"loc":{"start":{"line":18,"column":15},"end":{"line":18,"column":65}},"type":"binary-expr","locations":[{"start":{"line":18,"column":15},"end":{"line":18,"column":29}},{"start":{"line":18,"column":33},"end":{"line":18,"column":65}}]}},"s":{"0":4,"1":1,"2":3,"3":1,"4":1},"f":{"0":4,"1":1},"b":{"0":[1,3],"1":[4,3],"2":[3,0]}}
,"/Users/Niels/meteocontrol-mcp/src/index.ts": {"path":"/Users/Niels/meteocontrol-mcp/src/index.ts","statementMap":{"0":{"start":{"line":4,"column":15},"end":{"line":4,"column":39}},"1":{"start":{"line":5,"column":0},"end":{"line":8,"column":3}},"2":{"start":{"line":6,"column":2},"end":{"line":6,"column":54}},"3":{"start":{"line":7,"column":2},"end":{"line":7,"column":18}}},"fnMap":{"0":{"name":"(anonymous_0)","decl":{"start":{"line":5,"column":19},"end":{"line":5,"column":20}},"loc":{"start":{"line":5,"column":29},"end":{"line":8,"column":1}}}},"branchMap":{},"s":{"0":2,"1":2,"2":1,"3":1},"f":{"0":1},"b":{}}
,"/Users/Niels/meteocontrol-mcp/src/server.ts": {"path":"/Users/Niels/meteocontrol-mcp/src/server.ts","statementMap":{"0":{"start":{"line":7,"column":0},"end":{"line":7,"column":16}},"1":{"start":{"line":12,"column":25},"end":{"line":12,"column":43}},"2":{"start":{"line":13,"column":28},"end":{"line":13,"column":35}},"3":{"start":{"line":16,"column":4},"end":{"line":26,"column":6}},"4":{"start":{"line":28,"column":19},"end":{"line":28,"column":57}},"5":{"start":{"line":29,"column":22},"end":{"line":29,"column":63}},"6":{"start":{"line":30,"column":4},"end":{"line":34,"column":7}},"7":{"start":{"line":36,"column":4},"end":{"line":36,"column":25}},"8":{"start":{"line":40,"column":4},"end":{"line":79,"column":8}},"9":{"start":{"line":40,"column":71},"end":{"line":79,"column":6}},"10":{"start":{"line":81,"column":4},"end":{"line":93,"column":7}},"11":{"start":{"line":82,"column":40},"end":{"line":82,"column":54}},"12":{"start":{"line":84,"column":6},"end":{"line":86,"column":7}},"13":{"start":{"line":85,"column":8},"end":{"line":85,"column":73}},"14":{"start":{"line":88,"column":6},"end":{"line":90,"column":7}},"15":{"start":{"line":89,"column":8},"end":{"line":89,"column":69}},"16":{"start":{"line":92,"column":6},"end":{"line":92,"column":78}},"17":{"start":{"line":97,"column":4},"end":{"line":123,"column":5}},"18":{"start":{"line":98,"column":38},"end":{"line":98,"column":42}},"19":{"start":{"line":99,"column":19},"end":{"line":102,"column":35}},"20":{"start":{"line":104,"column":6},"end":{"line":111,"column":8}},"21":{"start":{"line":113,"column":27},"end":{"line":113,"column":81}},"22":{"start":{"line":114,"column":6},"end":{"line":122,"column":8}},"23":{"start":{"line":127,"column":4},"end":{"line":150,"column":5}},"24":{"start":{"line":128,"column":28},"end":{"line":128,"column":32}},"25":{"start":{"line":129,"column":19},"end":{"line":129,"column":73}},"26":{"start":{"line":131,"column":6},"end":{"line":138,"column":8}},"27":{"start":{"line":140,"column":27},"end":{"line":140,"column":81}},"28":{"start":{"line":141,"column":6},"end":{"line":149,"column":8}},"29":{"start":{"line":154,"column":22},"end":{"line":154,"column":48}},"30":{"start":{"line":155,"column":4},"end":{"line":155,"column":41}},"31":{"start":{"line":156,"column":4},"end":{"line":156,"column":62}}},"fnMap":{"0":{"name":"(anonymous_0)","decl":{"start":{"line":15,"column":2},"end":{"line":15,"column":null}},"loc":{"start":{"line":15,"column":2},"end":{"line":37,"column":3}}},"1":{"name":"(anonymous_1)","decl":{"start":{"line":39,"column":10},"end":{"line":39,"column":23}},"loc":{"start":{"line":39,"column":23},"end":{"line":94,"column":3}}},"2":{"name":"(anonymous_2)","decl":{"start":{"line":40,"column":58},"end":{"line":40,"column":63}},"loc":{"start":{"line":40,"column":71},"end":{"line":79,"column":6}}},"3":{"name":"(anonymous_3)","decl":{"start":{"line":81,"column":57},"end":{"line":81,"column":62}},"loc":{"start":{"line":81,"column":75},"end":{"line":93,"column":5}}},"4":{"name":"(anonymous_4)","decl":{"start":{"line":96,"column":10},"end":{"line":96,"column":15}},"loc":{"start":{"line":96,"column":65},"end":{"line":124,"column":3}}},"5":{"name":"(anonymous_5)","decl":{"start":{"line":126,"column":10},"end":{"line":126,"column":15}},"loc":{"start":{"line":126,"column":61},"end":{"line":151,"column":3}}},"6":{"name":"(anonymous_6)","decl":{"start":{"line":153,"column":2},"end":{"line":153,"column":7}},"loc":{"start":{"line":153,"column":11},"end":{"line":157,"column":3}}}},"branchMap":{"0":{"loc":{"start":{"line":28,"column":19},"end":{"line":28,"column":57}},"type":"binary-expr","locations":[{"start":{"line":28,"column":19},"end":{"line":28,"column":51}},{"start":{"line":28,"column":55},"end":{"line":28,"column":57}}]},"1":{"loc":{"start":{"line":29,"column":22},"end":{"line":29,"column":63}},"type":"binary-expr","locations":[{"start":{"line":29,"column":22},"end":{"line":29,"column":57}},{"start":{"line":29,"column":61},"end":{"line":29,"column":63}}]},"2":{"loc":{"start":{"line":84,"column":6},"end":{"line":86,"column":7}},"type":"if","locations":[{"start":{"line":84,"column":6},"end":{"line":86,"column":7}},{"start":{},"end":{}}]},"3":{"loc":{"start":{"line":88,"column":6},"end":{"line":90,"column":7}},"type":"if","locations":[{"start":{"line":88,"column":6},"end":{"line":90,"column":7}},{"start":{},"end":{}}]},"4":{"loc":{"start":{"line":113,"column":27},"end":{"line":113,"column":81}},"type":"cond-expr","locations":[{"start":{"line":113,"column":52},"end":{"line":113,"column":65}},{"start":{"line":113,"column":68},"end":{"line":113,"column":81}}]},"5":{"loc":{"start":{"line":140,"column":27},"end":{"line":140,"column":81}},"type":"cond-expr","locations":[{"start":{"line":140,"column":52},"end":{"line":140,"column":65}},{"start":{"line":140,"column":68},"end":{"line":140,"column":81}}]}},"s":{"0":3,"1":11,"2":11,"3":11,"4":11,"5":11,"6":11,"7":11,"8":11,"9":3,"10":11,"11":5,"12":5,"13":2,"14":3,"15":2,"16":1,"17":2,"18":2,"19":2,"20":1,"21":1,"22":1,"23":2,"24":2,"25":2,"26":1,"27":1,"28":1,"29":1,"30":1,"31":1},"f":{"0":11,"1":11,"2":3,"3":5,"4":2,"5":2,"6":1},"b":{"0":[11,6],"1":[11,6],"2":[2,3],"3":[2,1],"4":[1,0],"5":[1,0]}}
}
