TN:
SF:src/api.ts
FN:13,(anonymous_0)
FN:30,(anonymous_1)
FNF:2
FNH:2
FNDA:8,(anonymous_0)
FNDA:1,(anonymous_1)
DA:14,8
DA:15,3
DA:18,5
DA:31,1
DA:32,1
LF:5
LH:5
BRDA:14,0,0,3
BRDA:14,0,1,5
BRDA:14,1,0,8
BRDA:14,1,1,7
BRDA:14,1,2,6
BRDA:19,2,0,5
BRDA:19,2,1,1
BRF:7
BRH:7
end_of_record
TN:
SF:src/index.ts
FN:5,(anonymous_0)
FNF:1
FNH:1
FNDA:1,(anonymous_0)
DA:4,2
DA:5,2
DA:6,1
DA:7,1
LF:4
LH:4
BRF:0
BRH:0
end_of_record
TN:
SF:src/server.ts
FN:24,(anonymous_0)
FN:55,(anonymous_1)
FN:56,(anonymous_2)
FN:114,(anonymous_3)
FN:135,(anonymous_4)
FN:165,(anonymous_5)
FN:192,(anonymous_6)
FN:219,(anonymous_7)
FNF:8
FNH:8
FNDA:20,(anonymous_0)
FNDA:20,(anonymous_1)
FNDA:4,(anonymous_2)
FNDA:19,(anonymous_3)
FNDA:6,(anonymous_4)
FNDA:6,(anonymous_5)
FNDA:6,(anonymous_6)
FNDA:1,(anonymous_7)
DA:12,6
DA:21,20
DA:22,20
DA:25,20
DA:37,20
DA:38,20
DA:39,20
DA:41,20
DA:42,10
DA:45,20
DA:52,20
DA:56,20
DA:114,20
DA:115,19
DA:117,19
DA:118,19
DA:120,6
DA:122,6
DA:124,6
DA:126,1
DA:129,1
DA:130,1
DA:136,6
DA:137,6
DA:138,6
DA:143,3
DA:152,3
DA:153,3
DA:166,6
DA:167,6
DA:168,6
DA:170,3
DA:179,3
DA:180,3
DA:193,6
DA:194,6
DA:195,6
DA:197,3
DA:206,3
DA:207,3
DA:220,1
DA:221,1
DA:222,1
LF:43
LH:43
BRDA:37,0,0,20
BRDA:37,0,1,10
BRDA:38,1,0,20
BRDA:38,1,1,10
BRDA:39,2,0,20
BRDA:39,2,1,10
BRDA:41,3,0,10
BRDA:41,3,1,10
BRDA:41,4,0,20
BRDA:41,4,1,10
BRDA:41,4,2,10
BRDA:49,5,0,20
BRDA:49,5,1,20
BRDA:118,6,0,6
BRDA:118,6,1,6
BRDA:118,6,2,6
BRDA:118,6,3,1
BRDA:152,7,0,2
BRDA:152,7,1,1
BRDA:179,8,0,2
BRDA:179,8,1,1
BRDA:206,9,0,2
BRDA:206,9,1,1
BRF:23
BRH:23
end_of_record
