TN:
SF:src/api.ts
FN:12,(anonymous_0)
FN:26,(anonymous_1)
FNF:2
FNH:2
FNDA:4,(anonymous_0)
FNDA:1,(anonymous_1)
DA:13,4
DA:14,1
DA:17,3
DA:27,1
DA:28,1
LF:5
LH:5
BRDA:13,0,0,1
BRDA:13,0,1,3
BRDA:13,1,0,4
BRDA:13,1,1,3
BRDA:18,2,0,3
BRDA:18,2,1,0
BRF:6
BRH:5
end_of_record
TN:
SF:src/index.ts
FN:5,(anonymous_0)
FNF:1
FNH:1
FNDA:1,(anonymous_0)
DA:4,2
DA:5,2
DA:6,1
DA:7,1
LF:4
LH:4
BRF:0
BRH:0
end_of_record
TN:
SF:src/server.ts
FN:19,(anonymous_0)
FN:48,(anonymous_1)
FN:49,(anonymous_2)
FN:107,(anonymous_3)
FN:128,(anonymous_4)
FN:158,(anonymous_5)
FN:185,(anonymous_6)
FN:212,(anonymous_7)
FNF:8
FNH:8
FNDA:17,(anonymous_0)
FNDA:17,(anonymous_1)
FNDA:4,(anonymous_2)
FNDA:10,(anonymous_3)
FNDA:3,(anonymous_4)
FNDA:3,(anonymous_5)
FNDA:3,(anonymous_6)
FNDA:1,(anonymous_7)
DA:7,5
DA:16,17
DA:17,17
DA:20,17
DA:32,17
DA:33,17
DA:35,17
DA:36,12
DA:39,17
DA:45,17
DA:49,17
DA:107,17
DA:108,10
DA:110,10
DA:111,10
DA:113,3
DA:115,3
DA:117,3
DA:119,1
DA:122,1
DA:123,1
DA:129,3
DA:130,3
DA:131,3
DA:136,2
DA:145,1
DA:146,1
DA:159,3
DA:160,3
DA:161,3
DA:163,2
DA:172,1
DA:173,1
DA:186,3
DA:187,3
DA:188,3
DA:190,2
DA:199,1
DA:200,1
DA:213,1
DA:214,1
DA:215,1
LF:42
LH:42
BRDA:32,0,0,17
BRDA:32,0,1,12
BRDA:33,1,0,17
BRDA:33,1,1,12
BRDA:35,2,0,12
BRDA:35,2,1,5
BRDA:35,3,0,17
BRDA:35,3,1,5
BRDA:42,4,0,17
BRDA:42,4,1,17
BRDA:111,5,0,3
BRDA:111,5,1,3
BRDA:111,5,2,3
BRDA:111,5,3,1
BRDA:145,6,0,1
BRDA:145,6,1,0
BRDA:172,7,0,1
BRDA:172,7,1,0
BRDA:199,8,0,1
BRDA:199,8,1,0
BRF:20
BRH:17
end_of_record
